[2024-03-15T02:33:09.040+0000] {processor.py:161} INFO - Started process (PID=38) to work on /opt/airflow/dags/green_taxi_dag.py
[2024-03-15T02:33:09.041+0000] {processor.py:830} INFO - Processing file /opt/airflow/dags/green_taxi_dag.py for tasks to queue
[2024-03-15T02:33:09.042+0000] {logging_mixin.py:188} INFO - [2024-03-15T02:33:09.042+0000] {dagbag.py:540} INFO - Filling up the DagBag from /opt/airflow/dags/green_taxi_dag.py
[2024-03-15T02:33:10.011+0000] {processor.py:840} INFO - DAG(s) 'green_taxi_dag' retrieved from /opt/airflow/dags/green_taxi_dag.py
[2024-03-15T02:33:10.128+0000] {logging_mixin.py:188} INFO - [2024-03-15T02:33:10.128+0000] {override.py:1769} INFO - Created Permission View: can edit on DAG:green_taxi_dag
[2024-03-15T02:33:10.134+0000] {logging_mixin.py:188} INFO - [2024-03-15T02:33:10.134+0000] {override.py:1769} INFO - Created Permission View: can read on DAG:green_taxi_dag
[2024-03-15T02:33:10.137+0000] {logging_mixin.py:188} INFO - [2024-03-15T02:33:10.137+0000] {override.py:1769} INFO - Created Permission View: can delete on DAG:green_taxi_dag
[2024-03-15T02:33:10.137+0000] {logging_mixin.py:188} INFO - [2024-03-15T02:33:10.137+0000] {dag.py:3047} INFO - Sync 1 DAGs
[2024-03-15T02:33:10.144+0000] {logging_mixin.py:188} INFO - [2024-03-15T02:33:10.144+0000] {dag.py:3069} INFO - Creating ORM DAG for green_taxi_dag
[2024-03-15T02:33:10.149+0000] {logging_mixin.py:188} INFO - [2024-03-15T02:33:10.149+0000] {dag.py:3834} INFO - Setting next_dagrun for green_taxi_dag to 2024-03-14 00:00:00+00:00, run_after=2024-03-15 00:00:00+00:00
[2024-03-15T02:33:10.159+0000] {processor.py:183} INFO - Processing /opt/airflow/dags/green_taxi_dag.py took 1.121 seconds
[2024-03-15T02:33:40.369+0000] {processor.py:161} INFO - Started process (PID=46) to work on /opt/airflow/dags/green_taxi_dag.py
[2024-03-15T02:33:40.370+0000] {processor.py:830} INFO - Processing file /opt/airflow/dags/green_taxi_dag.py for tasks to queue
[2024-03-15T02:33:40.373+0000] {logging_mixin.py:188} INFO - [2024-03-15T02:33:40.373+0000] {dagbag.py:540} INFO - Filling up the DagBag from /opt/airflow/dags/green_taxi_dag.py
[2024-03-15T02:33:40.639+0000] {processor.py:840} INFO - DAG(s) 'green_taxi_dag' retrieved from /opt/airflow/dags/green_taxi_dag.py
[2024-03-15T02:33:40.651+0000] {logging_mixin.py:188} INFO - [2024-03-15T02:33:40.651+0000] {dag.py:3047} INFO - Sync 1 DAGs
[2024-03-15T02:33:40.661+0000] {logging_mixin.py:188} INFO - [2024-03-15T02:33:40.661+0000] {dag.py:3834} INFO - Setting next_dagrun for green_taxi_dag to 2024-03-14 00:00:00+00:00, run_after=2024-03-15 00:00:00+00:00
[2024-03-15T02:33:40.669+0000] {processor.py:183} INFO - Processing /opt/airflow/dags/green_taxi_dag.py took 0.305 seconds
[2024-03-15T02:34:10.758+0000] {processor.py:161} INFO - Started process (PID=54) to work on /opt/airflow/dags/green_taxi_dag.py
[2024-03-15T02:34:10.759+0000] {processor.py:830} INFO - Processing file /opt/airflow/dags/green_taxi_dag.py for tasks to queue
[2024-03-15T02:34:10.762+0000] {logging_mixin.py:188} INFO - [2024-03-15T02:34:10.761+0000] {dagbag.py:540} INFO - Filling up the DagBag from /opt/airflow/dags/green_taxi_dag.py
[2024-03-15T02:34:10.975+0000] {processor.py:840} INFO - DAG(s) 'green_taxi_dag' retrieved from /opt/airflow/dags/green_taxi_dag.py
[2024-03-15T02:34:10.986+0000] {logging_mixin.py:188} INFO - [2024-03-15T02:34:10.986+0000] {dag.py:3047} INFO - Sync 1 DAGs
[2024-03-15T02:34:10.994+0000] {logging_mixin.py:188} INFO - [2024-03-15T02:34:10.994+0000] {dag.py:3834} INFO - Setting next_dagrun for green_taxi_dag to 2024-03-14 00:00:00+00:00, run_after=2024-03-15 00:00:00+00:00
[2024-03-15T02:34:11.001+0000] {processor.py:183} INFO - Processing /opt/airflow/dags/green_taxi_dag.py took 0.247 seconds
[2024-03-15T02:34:41.227+0000] {processor.py:161} INFO - Started process (PID=62) to work on /opt/airflow/dags/green_taxi_dag.py
[2024-03-15T02:34:41.229+0000] {processor.py:830} INFO - Processing file /opt/airflow/dags/green_taxi_dag.py for tasks to queue
[2024-03-15T02:34:41.231+0000] {logging_mixin.py:188} INFO - [2024-03-15T02:34:41.230+0000] {dagbag.py:540} INFO - Filling up the DagBag from /opt/airflow/dags/green_taxi_dag.py
[2024-03-15T02:34:41.443+0000] {processor.py:840} INFO - DAG(s) 'green_taxi_dag' retrieved from /opt/airflow/dags/green_taxi_dag.py
[2024-03-15T02:34:41.452+0000] {logging_mixin.py:188} INFO - [2024-03-15T02:34:41.452+0000] {dag.py:3047} INFO - Sync 1 DAGs
[2024-03-15T02:34:41.461+0000] {logging_mixin.py:188} INFO - [2024-03-15T02:34:41.461+0000] {dag.py:3834} INFO - Setting next_dagrun for green_taxi_dag to 2024-03-14 00:00:00+00:00, run_after=2024-03-15 00:00:00+00:00
[2024-03-15T02:34:41.468+0000] {processor.py:183} INFO - Processing /opt/airflow/dags/green_taxi_dag.py took 0.245 seconds
[2024-03-15T02:35:11.624+0000] {processor.py:161} INFO - Started process (PID=70) to work on /opt/airflow/dags/green_taxi_dag.py
[2024-03-15T02:35:11.626+0000] {processor.py:830} INFO - Processing file /opt/airflow/dags/green_taxi_dag.py for tasks to queue
[2024-03-15T02:35:11.629+0000] {logging_mixin.py:188} INFO - [2024-03-15T02:35:11.629+0000] {dagbag.py:540} INFO - Filling up the DagBag from /opt/airflow/dags/green_taxi_dag.py
[2024-03-15T02:35:11.885+0000] {processor.py:840} INFO - DAG(s) 'green_taxi_dag' retrieved from /opt/airflow/dags/green_taxi_dag.py
[2024-03-15T02:35:11.896+0000] {logging_mixin.py:188} INFO - [2024-03-15T02:35:11.896+0000] {dag.py:3047} INFO - Sync 1 DAGs
[2024-03-15T02:35:11.905+0000] {logging_mixin.py:188} INFO - [2024-03-15T02:35:11.905+0000] {dag.py:3834} INFO - Setting next_dagrun for green_taxi_dag to 2024-03-14 00:00:00+00:00, run_after=2024-03-15 00:00:00+00:00
[2024-03-15T02:35:11.913+0000] {processor.py:183} INFO - Processing /opt/airflow/dags/green_taxi_dag.py took 0.293 seconds
[2024-03-15T02:35:42.136+0000] {processor.py:161} INFO - Started process (PID=78) to work on /opt/airflow/dags/green_taxi_dag.py
[2024-03-15T02:35:42.137+0000] {processor.py:830} INFO - Processing file /opt/airflow/dags/green_taxi_dag.py for tasks to queue
[2024-03-15T02:35:42.139+0000] {logging_mixin.py:188} INFO - [2024-03-15T02:35:42.139+0000] {dagbag.py:540} INFO - Filling up the DagBag from /opt/airflow/dags/green_taxi_dag.py
[2024-03-15T02:35:42.363+0000] {processor.py:840} INFO - DAG(s) 'green_taxi_dag' retrieved from /opt/airflow/dags/green_taxi_dag.py
[2024-03-15T02:35:42.374+0000] {logging_mixin.py:188} INFO - [2024-03-15T02:35:42.374+0000] {dag.py:3047} INFO - Sync 1 DAGs
[2024-03-15T02:35:42.383+0000] {logging_mixin.py:188} INFO - [2024-03-15T02:35:42.383+0000] {dag.py:3834} INFO - Setting next_dagrun for green_taxi_dag to 2024-03-14 00:00:00+00:00, run_after=2024-03-15 00:00:00+00:00
[2024-03-15T02:35:42.391+0000] {processor.py:183} INFO - Processing /opt/airflow/dags/green_taxi_dag.py took 0.260 seconds
[2024-03-15T02:36:12.553+0000] {processor.py:161} INFO - Started process (PID=86) to work on /opt/airflow/dags/green_taxi_dag.py
[2024-03-15T02:36:12.554+0000] {processor.py:830} INFO - Processing file /opt/airflow/dags/green_taxi_dag.py for tasks to queue
[2024-03-15T02:36:12.558+0000] {logging_mixin.py:188} INFO - [2024-03-15T02:36:12.557+0000] {dagbag.py:540} INFO - Filling up the DagBag from /opt/airflow/dags/green_taxi_dag.py
[2024-03-15T02:36:12.807+0000] {processor.py:840} INFO - DAG(s) 'green_taxi_dag' retrieved from /opt/airflow/dags/green_taxi_dag.py
[2024-03-15T02:36:12.816+0000] {logging_mixin.py:188} INFO - [2024-03-15T02:36:12.816+0000] {dag.py:3047} INFO - Sync 1 DAGs
[2024-03-15T02:36:12.825+0000] {logging_mixin.py:188} INFO - [2024-03-15T02:36:12.825+0000] {dag.py:3834} INFO - Setting next_dagrun for green_taxi_dag to 2024-03-14 00:00:00+00:00, run_after=2024-03-15 00:00:00+00:00
[2024-03-15T02:36:12.832+0000] {processor.py:183} INFO - Processing /opt/airflow/dags/green_taxi_dag.py took 0.285 seconds
[2024-03-15T02:36:42.998+0000] {processor.py:161} INFO - Started process (PID=94) to work on /opt/airflow/dags/green_taxi_dag.py
[2024-03-15T02:36:42.999+0000] {processor.py:830} INFO - Processing file /opt/airflow/dags/green_taxi_dag.py for tasks to queue
[2024-03-15T02:36:43.001+0000] {logging_mixin.py:188} INFO - [2024-03-15T02:36:43.001+0000] {dagbag.py:540} INFO - Filling up the DagBag from /opt/airflow/dags/green_taxi_dag.py
[2024-03-15T02:36:43.218+0000] {processor.py:840} INFO - DAG(s) 'green_taxi_dag' retrieved from /opt/airflow/dags/green_taxi_dag.py
[2024-03-15T02:36:43.229+0000] {logging_mixin.py:188} INFO - [2024-03-15T02:36:43.229+0000] {dag.py:3047} INFO - Sync 1 DAGs
[2024-03-15T02:36:43.238+0000] {logging_mixin.py:188} INFO - [2024-03-15T02:36:43.238+0000] {dag.py:3834} INFO - Setting next_dagrun for green_taxi_dag to 2024-03-14 00:00:00+00:00, run_after=2024-03-15 00:00:00+00:00
[2024-03-15T02:36:43.245+0000] {processor.py:183} INFO - Processing /opt/airflow/dags/green_taxi_dag.py took 0.251 seconds
[2024-03-15T02:37:13.384+0000] {processor.py:161} INFO - Started process (PID=102) to work on /opt/airflow/dags/green_taxi_dag.py
[2024-03-15T02:37:13.385+0000] {processor.py:830} INFO - Processing file /opt/airflow/dags/green_taxi_dag.py for tasks to queue
[2024-03-15T02:37:13.388+0000] {logging_mixin.py:188} INFO - [2024-03-15T02:37:13.387+0000] {dagbag.py:540} INFO - Filling up the DagBag from /opt/airflow/dags/green_taxi_dag.py
[2024-03-15T02:37:13.656+0000] {processor.py:840} INFO - DAG(s) 'green_taxi_dag' retrieved from /opt/airflow/dags/green_taxi_dag.py
[2024-03-15T02:37:13.667+0000] {logging_mixin.py:188} INFO - [2024-03-15T02:37:13.667+0000] {dag.py:3047} INFO - Sync 1 DAGs
[2024-03-15T02:37:13.676+0000] {logging_mixin.py:188} INFO - [2024-03-15T02:37:13.676+0000] {dag.py:3834} INFO - Setting next_dagrun for green_taxi_dag to 2024-03-14 00:00:00+00:00, run_after=2024-03-15 00:00:00+00:00
[2024-03-15T02:37:13.683+0000] {processor.py:183} INFO - Processing /opt/airflow/dags/green_taxi_dag.py took 0.302 seconds
[2024-03-15T02:48:33.658+0000] {processor.py:161} INFO - Started process (PID=38) to work on /opt/airflow/dags/green_taxi_dag.py
[2024-03-15T02:48:33.659+0000] {processor.py:830} INFO - Processing file /opt/airflow/dags/green_taxi_dag.py for tasks to queue
[2024-03-15T02:48:33.660+0000] {logging_mixin.py:188} INFO - [2024-03-15T02:48:33.660+0000] {dagbag.py:540} INFO - Filling up the DagBag from /opt/airflow/dags/green_taxi_dag.py
[2024-03-15T02:48:34.025+0000] {processor.py:840} INFO - DAG(s) 'green_taxi_dag' retrieved from /opt/airflow/dags/green_taxi_dag.py
[2024-03-15T02:48:34.081+0000] {logging_mixin.py:188} INFO - [2024-03-15T02:48:34.080+0000] {override.py:1769} INFO - Created Permission View: can edit on DAG:green_taxi_dag
[2024-03-15T02:48:34.087+0000] {logging_mixin.py:188} INFO - [2024-03-15T02:48:34.087+0000] {override.py:1769} INFO - Created Permission View: can read on DAG:green_taxi_dag
[2024-03-15T02:48:34.091+0000] {logging_mixin.py:188} INFO - [2024-03-15T02:48:34.091+0000] {override.py:1769} INFO - Created Permission View: can delete on DAG:green_taxi_dag
[2024-03-15T02:48:34.091+0000] {logging_mixin.py:188} INFO - [2024-03-15T02:48:34.091+0000] {dag.py:3047} INFO - Sync 1 DAGs
[2024-03-15T02:48:34.098+0000] {logging_mixin.py:188} INFO - [2024-03-15T02:48:34.097+0000] {dag.py:3069} INFO - Creating ORM DAG for green_taxi_dag
[2024-03-15T02:48:34.103+0000] {logging_mixin.py:188} INFO - [2024-03-15T02:48:34.103+0000] {dag.py:3834} INFO - Setting next_dagrun for green_taxi_dag to 2024-03-14 00:00:00+00:00, run_after=2024-03-15 00:00:00+00:00
[2024-03-15T02:48:34.115+0000] {processor.py:183} INFO - Processing /opt/airflow/dags/green_taxi_dag.py took 0.460 seconds
[2024-03-15T02:49:37.773+0000] {processor.py:161} INFO - Started process (PID=38) to work on /opt/airflow/dags/green_taxi_dag.py
[2024-03-15T02:49:37.774+0000] {processor.py:830} INFO - Processing file /opt/airflow/dags/green_taxi_dag.py for tasks to queue
[2024-03-15T02:49:37.775+0000] {logging_mixin.py:188} INFO - [2024-03-15T02:49:37.775+0000] {dagbag.py:540} INFO - Filling up the DagBag from /opt/airflow/dags/green_taxi_dag.py
[2024-03-15T02:49:38.129+0000] {processor.py:840} INFO - DAG(s) 'green_taxi_dag' retrieved from /opt/airflow/dags/green_taxi_dag.py
[2024-03-15T02:49:38.182+0000] {logging_mixin.py:188} INFO - [2024-03-15T02:49:38.182+0000] {override.py:1769} INFO - Created Permission View: can delete on DAG:green_taxi_dag
[2024-03-15T02:49:38.187+0000] {logging_mixin.py:188} INFO - [2024-03-15T02:49:38.187+0000] {override.py:1769} INFO - Created Permission View: can read on DAG:green_taxi_dag
[2024-03-15T02:49:38.190+0000] {logging_mixin.py:188} INFO - [2024-03-15T02:49:38.190+0000] {override.py:1769} INFO - Created Permission View: can edit on DAG:green_taxi_dag
[2024-03-15T02:49:38.190+0000] {logging_mixin.py:188} INFO - [2024-03-15T02:49:38.190+0000] {dag.py:3047} INFO - Sync 1 DAGs
[2024-03-15T02:49:38.196+0000] {logging_mixin.py:188} INFO - [2024-03-15T02:49:38.196+0000] {dag.py:3069} INFO - Creating ORM DAG for green_taxi_dag
[2024-03-15T02:49:38.200+0000] {logging_mixin.py:188} INFO - [2024-03-15T02:49:38.200+0000] {dag.py:3834} INFO - Setting next_dagrun for green_taxi_dag to 2024-03-14 00:00:00+00:00, run_after=2024-03-15 00:00:00+00:00
[2024-03-15T02:49:38.210+0000] {processor.py:183} INFO - Processing /opt/airflow/dags/green_taxi_dag.py took 0.439 seconds
[2024-03-15T02:50:08.520+0000] {processor.py:161} INFO - Started process (PID=46) to work on /opt/airflow/dags/green_taxi_dag.py
[2024-03-15T02:50:08.522+0000] {processor.py:830} INFO - Processing file /opt/airflow/dags/green_taxi_dag.py for tasks to queue
[2024-03-15T02:50:08.526+0000] {logging_mixin.py:188} INFO - [2024-03-15T02:50:08.525+0000] {dagbag.py:540} INFO - Filling up the DagBag from /opt/airflow/dags/green_taxi_dag.py
[2024-03-15T02:50:08.826+0000] {processor.py:840} INFO - DAG(s) 'green_taxi_dag' retrieved from /opt/airflow/dags/green_taxi_dag.py
[2024-03-15T02:50:08.837+0000] {logging_mixin.py:188} INFO - [2024-03-15T02:50:08.837+0000] {dag.py:3047} INFO - Sync 1 DAGs
[2024-03-15T02:50:08.847+0000] {logging_mixin.py:188} INFO - [2024-03-15T02:50:08.847+0000] {dag.py:3834} INFO - Setting next_dagrun for green_taxi_dag to 2024-03-14 00:00:00+00:00, run_after=2024-03-15 00:00:00+00:00
[2024-03-15T02:50:08.855+0000] {processor.py:183} INFO - Processing /opt/airflow/dags/green_taxi_dag.py took 0.340 seconds
[2024-03-15T02:50:39.170+0000] {processor.py:161} INFO - Started process (PID=54) to work on /opt/airflow/dags/green_taxi_dag.py
[2024-03-15T02:50:39.171+0000] {processor.py:830} INFO - Processing file /opt/airflow/dags/green_taxi_dag.py for tasks to queue
[2024-03-15T02:50:39.174+0000] {logging_mixin.py:188} INFO - [2024-03-15T02:50:39.174+0000] {dagbag.py:540} INFO - Filling up the DagBag from /opt/airflow/dags/green_taxi_dag.py
[2024-03-15T02:50:39.395+0000] {processor.py:840} INFO - DAG(s) 'green_taxi_dag' retrieved from /opt/airflow/dags/green_taxi_dag.py
[2024-03-15T02:50:39.640+0000] {processor.py:186} ERROR - Got an exception! Propagating...
Traceback (most recent call last):
  File "/home/airflow/.local/lib/python3.8/site-packages/sqlalchemy/engine/base.py", line 3371, in _wrap_pool_connect
    return fn()
  File "/home/airflow/.local/lib/python3.8/site-packages/sqlalchemy/pool/base.py", line 327, in connect
    return _ConnectionFairy._checkout(self)
  File "/home/airflow/.local/lib/python3.8/site-packages/sqlalchemy/pool/base.py", line 894, in _checkout
    fairy = _ConnectionRecord.checkout(pool)
  File "/home/airflow/.local/lib/python3.8/site-packages/sqlalchemy/pool/base.py", line 493, in checkout
    rec = pool._do_get()
  File "/home/airflow/.local/lib/python3.8/site-packages/sqlalchemy/pool/impl.py", line 146, in _do_get
    self._dec_overflow()
  File "/home/airflow/.local/lib/python3.8/site-packages/sqlalchemy/util/langhelpers.py", line 70, in __exit__
    compat.raise_(
  File "/home/airflow/.local/lib/python3.8/site-packages/sqlalchemy/util/compat.py", line 211, in raise_
    raise exception
  File "/home/airflow/.local/lib/python3.8/site-packages/sqlalchemy/pool/impl.py", line 143, in _do_get
    return self._create_connection()
  File "/home/airflow/.local/lib/python3.8/site-packages/sqlalchemy/pool/base.py", line 273, in _create_connection
    return _ConnectionRecord(self)
  File "/home/airflow/.local/lib/python3.8/site-packages/sqlalchemy/pool/base.py", line 388, in __init__
    self.__connect()
  File "/home/airflow/.local/lib/python3.8/site-packages/sqlalchemy/pool/base.py", line 691, in __connect
    pool.logger.debug("Error on connect(): %s", e)
  File "/home/airflow/.local/lib/python3.8/site-packages/sqlalchemy/util/langhelpers.py", line 70, in __exit__
    compat.raise_(
  File "/home/airflow/.local/lib/python3.8/site-packages/sqlalchemy/util/compat.py", line 211, in raise_
    raise exception
  File "/home/airflow/.local/lib/python3.8/site-packages/sqlalchemy/pool/base.py", line 686, in __connect
    self.dbapi_connection = connection = pool._invoke_creator(self)
  File "/home/airflow/.local/lib/python3.8/site-packages/sqlalchemy/engine/create.py", line 574, in connect
    return dialect.connect(*cargs, **cparams)
  File "/home/airflow/.local/lib/python3.8/site-packages/sqlalchemy/engine/default.py", line 598, in connect
    return self.dbapi.connect(*cargs, **cparams)
  File "/home/airflow/.local/lib/python3.8/site-packages/psycopg2/__init__.py", line 122, in connect
    conn = _connect(dsn, connection_factory=connection_factory, **kwasync)
psycopg2.OperationalError: connection to server at "postgres" (172.21.0.3), port 5432 failed: FATAL:  could not open file "global/pg_filenode.map": No such file or directory


The above exception was the direct cause of the following exception:

Traceback (most recent call last):
  File "/home/airflow/.local/lib/python3.8/site-packages/airflow/dag_processing/processor.py", line 182, in _run_file_processor
    _handle_dag_file_processing()
  File "/home/airflow/.local/lib/python3.8/site-packages/airflow/dag_processing/processor.py", line 163, in _handle_dag_file_processing
    result: tuple[int, int] = dag_file_processor.process_file(
  File "/home/airflow/.local/lib/python3.8/site-packages/airflow/utils/session.py", line 79, in wrapper
    return func(*args, session=session, **kwargs)
  File "/home/airflow/.local/lib/python3.8/site-packages/airflow/dag_processing/processor.py", line 859, in process_file
    serialize_errors = DagFileProcessor.save_dag_to_db(
  File "/home/airflow/.local/lib/python3.8/site-packages/airflow/api_internal/internal_api_call.py", line 114, in wrapper
    return func(*args, **kwargs)
  File "/home/airflow/.local/lib/python3.8/site-packages/airflow/utils/session.py", line 79, in wrapper
    return func(*args, session=session, **kwargs)
  File "/home/airflow/.local/lib/python3.8/site-packages/airflow/dag_processing/processor.py", line 895, in save_dag_to_db
    import_errors = DagBag._sync_to_db(dags=dags, processor_subdir=dag_directory, session=session)
  File "/home/airflow/.local/lib/python3.8/site-packages/airflow/utils/session.py", line 76, in wrapper
    return func(*args, **kwargs)
  File "/home/airflow/.local/lib/python3.8/site-packages/airflow/models/dagbag.py", line 659, in _sync_to_db
    for attempt in run_with_db_retries(logger=log):
  File "/home/airflow/.local/lib/python3.8/site-packages/tenacity/__init__.py", line 347, in __iter__
    do = self.iter(retry_state=retry_state)
  File "/home/airflow/.local/lib/python3.8/site-packages/tenacity/__init__.py", line 325, in iter
    raise retry_exc.reraise()
  File "/home/airflow/.local/lib/python3.8/site-packages/tenacity/__init__.py", line 158, in reraise
    raise self.last_attempt.result()
  File "/usr/local/lib/python3.8/concurrent/futures/_base.py", line 437, in result
    return self.__get_result()
  File "/usr/local/lib/python3.8/concurrent/futures/_base.py", line 389, in __get_result
    raise self._exception
  File "/home/airflow/.local/lib/python3.8/site-packages/airflow/models/dagbag.py", line 672, in _sync_to_db
    _serialize_dag_capturing_errors(dag, session, processor_subdir)
  File "/home/airflow/.local/lib/python3.8/site-packages/airflow/models/dagbag.py", line 637, in _serialize_dag_capturing_errors
    dag_was_updated = SerializedDagModel.write_dag(
  File "/home/airflow/.local/lib/python3.8/site-packages/airflow/utils/session.py", line 76, in wrapper
    return func(*args, **kwargs)
  File "/home/airflow/.local/lib/python3.8/site-packages/airflow/models/serialized_dag.py", line 157, in write_dag
    if session.scalar(
  File "/home/airflow/.local/lib/python3.8/site-packages/sqlalchemy/orm/session.py", line 1747, in scalar
    return self.execute(
  File "/home/airflow/.local/lib/python3.8/site-packages/sqlalchemy/orm/session.py", line 1716, in execute
    conn = self._connection_for_bind(bind)
  File "/home/airflow/.local/lib/python3.8/site-packages/sqlalchemy/orm/session.py", line 1555, in _connection_for_bind
    return self._transaction._connection_for_bind(
  File "/home/airflow/.local/lib/python3.8/site-packages/sqlalchemy/orm/session.py", line 750, in _connection_for_bind
    conn = bind.connect()
  File "/home/airflow/.local/lib/python3.8/site-packages/sqlalchemy/future/engine.py", line 412, in connect
    return super(Engine, self).connect()
  File "/home/airflow/.local/lib/python3.8/site-packages/sqlalchemy/engine/base.py", line 3325, in connect
    return self._connection_cls(self, close_with_result=close_with_result)
  File "/home/airflow/.local/lib/python3.8/site-packages/sqlalchemy/engine/base.py", line 96, in __init__
    else engine.raw_connection()
  File "/home/airflow/.local/lib/python3.8/site-packages/sqlalchemy/engine/base.py", line 3404, in raw_connection
    return self._wrap_pool_connect(self.pool.connect, _connection)
  File "/home/airflow/.local/lib/python3.8/site-packages/sqlalchemy/engine/base.py", line 3374, in _wrap_pool_connect
    Connection._handle_dbapi_exception_noconnection(
  File "/home/airflow/.local/lib/python3.8/site-packages/sqlalchemy/engine/base.py", line 2208, in _handle_dbapi_exception_noconnection
    util.raise_(
  File "/home/airflow/.local/lib/python3.8/site-packages/sqlalchemy/util/compat.py", line 211, in raise_
    raise exception
  File "/home/airflow/.local/lib/python3.8/site-packages/sqlalchemy/engine/base.py", line 3371, in _wrap_pool_connect
    return fn()
  File "/home/airflow/.local/lib/python3.8/site-packages/sqlalchemy/pool/base.py", line 327, in connect
    return _ConnectionFairy._checkout(self)
  File "/home/airflow/.local/lib/python3.8/site-packages/sqlalchemy/pool/base.py", line 894, in _checkout
    fairy = _ConnectionRecord.checkout(pool)
  File "/home/airflow/.local/lib/python3.8/site-packages/sqlalchemy/pool/base.py", line 493, in checkout
    rec = pool._do_get()
  File "/home/airflow/.local/lib/python3.8/site-packages/sqlalchemy/pool/impl.py", line 146, in _do_get
    self._dec_overflow()
  File "/home/airflow/.local/lib/python3.8/site-packages/sqlalchemy/util/langhelpers.py", line 70, in __exit__
    compat.raise_(
  File "/home/airflow/.local/lib/python3.8/site-packages/sqlalchemy/util/compat.py", line 211, in raise_
    raise exception
  File "/home/airflow/.local/lib/python3.8/site-packages/sqlalchemy/pool/impl.py", line 143, in _do_get
    return self._create_connection()
  File "/home/airflow/.local/lib/python3.8/site-packages/sqlalchemy/pool/base.py", line 273, in _create_connection
    return _ConnectionRecord(self)
  File "/home/airflow/.local/lib/python3.8/site-packages/sqlalchemy/pool/base.py", line 388, in __init__
    self.__connect()
  File "/home/airflow/.local/lib/python3.8/site-packages/sqlalchemy/pool/base.py", line 691, in __connect
    pool.logger.debug("Error on connect(): %s", e)
  File "/home/airflow/.local/lib/python3.8/site-packages/sqlalchemy/util/langhelpers.py", line 70, in __exit__
    compat.raise_(
  File "/home/airflow/.local/lib/python3.8/site-packages/sqlalchemy/util/compat.py", line 211, in raise_
    raise exception
  File "/home/airflow/.local/lib/python3.8/site-packages/sqlalchemy/pool/base.py", line 686, in __connect
    self.dbapi_connection = connection = pool._invoke_creator(self)
  File "/home/airflow/.local/lib/python3.8/site-packages/sqlalchemy/engine/create.py", line 574, in connect
    return dialect.connect(*cargs, **cparams)
  File "/home/airflow/.local/lib/python3.8/site-packages/sqlalchemy/engine/default.py", line 598, in connect
    return self.dbapi.connect(*cargs, **cparams)
  File "/home/airflow/.local/lib/python3.8/site-packages/psycopg2/__init__.py", line 122, in connect
    conn = _connect(dsn, connection_factory=connection_factory, **kwasync)
sqlalchemy.exc.OperationalError: (psycopg2.OperationalError) connection to server at "postgres" (172.21.0.3), port 5432 failed: FATAL:  could not open file "global/pg_filenode.map": No such file or directory

(Background on this error at: https://sqlalche.me/e/14/e3q8)
[2024-03-15T02:54:09.808+0000] {processor.py:161} INFO - Started process (PID=38) to work on /opt/airflow/dags/green_taxi_dag.py
[2024-03-15T02:54:09.810+0000] {processor.py:830} INFO - Processing file /opt/airflow/dags/green_taxi_dag.py for tasks to queue
[2024-03-15T02:54:09.813+0000] {logging_mixin.py:188} INFO - [2024-03-15T02:54:09.813+0000] {dagbag.py:540} INFO - Filling up the DagBag from /opt/airflow/dags/green_taxi_dag.py
[2024-03-15T02:54:10.197+0000] {processor.py:840} INFO - DAG(s) 'green_taxi_dag' retrieved from /opt/airflow/dags/green_taxi_dag.py
[2024-03-15T02:54:10.251+0000] {logging_mixin.py:188} INFO - [2024-03-15T02:54:10.251+0000] {override.py:1769} INFO - Created Permission View: can delete on DAG:green_taxi_dag
[2024-03-15T02:54:10.256+0000] {logging_mixin.py:188} INFO - [2024-03-15T02:54:10.256+0000] {override.py:1769} INFO - Created Permission View: can edit on DAG:green_taxi_dag
[2024-03-15T02:54:10.259+0000] {logging_mixin.py:188} INFO - [2024-03-15T02:54:10.258+0000] {override.py:1769} INFO - Created Permission View: can read on DAG:green_taxi_dag
[2024-03-15T02:54:10.259+0000] {logging_mixin.py:188} INFO - [2024-03-15T02:54:10.259+0000] {dag.py:3047} INFO - Sync 1 DAGs
[2024-03-15T02:54:10.270+0000] {logging_mixin.py:188} INFO - [2024-03-15T02:54:10.270+0000] {dag.py:3069} INFO - Creating ORM DAG for green_taxi_dag
[2024-03-15T02:54:10.279+0000] {logging_mixin.py:188} INFO - [2024-03-15T02:54:10.279+0000] {dag.py:3834} INFO - Setting next_dagrun for green_taxi_dag to 2024-03-14 00:00:00+00:00, run_after=2024-03-15 00:00:00+00:00
[2024-03-15T02:54:10.291+0000] {processor.py:183} INFO - Processing /opt/airflow/dags/green_taxi_dag.py took 0.489 seconds
[2024-03-15T02:54:40.622+0000] {processor.py:161} INFO - Started process (PID=46) to work on /opt/airflow/dags/green_taxi_dag.py
[2024-03-15T02:54:40.624+0000] {processor.py:830} INFO - Processing file /opt/airflow/dags/green_taxi_dag.py for tasks to queue
[2024-03-15T02:54:40.627+0000] {logging_mixin.py:188} INFO - [2024-03-15T02:54:40.626+0000] {dagbag.py:540} INFO - Filling up the DagBag from /opt/airflow/dags/green_taxi_dag.py
[2024-03-15T02:54:40.907+0000] {processor.py:840} INFO - DAG(s) 'green_taxi_dag' retrieved from /opt/airflow/dags/green_taxi_dag.py
[2024-03-15T02:54:40.919+0000] {logging_mixin.py:188} INFO - [2024-03-15T02:54:40.918+0000] {dag.py:3047} INFO - Sync 1 DAGs
[2024-03-15T02:54:40.930+0000] {logging_mixin.py:188} INFO - [2024-03-15T02:54:40.929+0000] {dag.py:3834} INFO - Setting next_dagrun for green_taxi_dag to 2024-03-14 00:00:00+00:00, run_after=2024-03-15 00:00:00+00:00
[2024-03-15T02:54:40.937+0000] {processor.py:183} INFO - Processing /opt/airflow/dags/green_taxi_dag.py took 0.319 seconds
[2024-03-15T02:56:44.813+0000] {processor.py:161} INFO - Started process (PID=38) to work on /opt/airflow/dags/green_taxi_dag.py
[2024-03-15T02:56:44.814+0000] {processor.py:830} INFO - Processing file /opt/airflow/dags/green_taxi_dag.py for tasks to queue
[2024-03-15T02:56:44.817+0000] {logging_mixin.py:188} INFO - [2024-03-15T02:56:44.816+0000] {dagbag.py:540} INFO - Filling up the DagBag from /opt/airflow/dags/green_taxi_dag.py
[2024-03-15T02:56:45.189+0000] {processor.py:840} INFO - DAG(s) 'green_taxi_dag' retrieved from /opt/airflow/dags/green_taxi_dag.py
[2024-03-15T02:56:45.244+0000] {logging_mixin.py:188} INFO - [2024-03-15T02:56:45.244+0000] {override.py:1769} INFO - Created Permission View: can read on DAG:green_taxi_dag
[2024-03-15T02:56:45.249+0000] {logging_mixin.py:188} INFO - [2024-03-15T02:56:45.249+0000] {override.py:1769} INFO - Created Permission View: can delete on DAG:green_taxi_dag
[2024-03-15T02:56:45.251+0000] {logging_mixin.py:188} INFO - [2024-03-15T02:56:45.251+0000] {override.py:1769} INFO - Created Permission View: can edit on DAG:green_taxi_dag
[2024-03-15T02:56:45.252+0000] {logging_mixin.py:188} INFO - [2024-03-15T02:56:45.252+0000] {dag.py:3047} INFO - Sync 1 DAGs
[2024-03-15T02:56:45.257+0000] {logging_mixin.py:188} INFO - [2024-03-15T02:56:45.257+0000] {dag.py:3069} INFO - Creating ORM DAG for green_taxi_dag
[2024-03-15T02:56:45.262+0000] {logging_mixin.py:188} INFO - [2024-03-15T02:56:45.262+0000] {dag.py:3834} INFO - Setting next_dagrun for green_taxi_dag to 2024-03-14 00:00:00+00:00, run_after=2024-03-15 00:00:00+00:00
[2024-03-15T02:56:45.273+0000] {processor.py:183} INFO - Processing /opt/airflow/dags/green_taxi_dag.py took 0.463 seconds
[2024-03-15T02:57:15.608+0000] {processor.py:161} INFO - Started process (PID=46) to work on /opt/airflow/dags/green_taxi_dag.py
[2024-03-15T02:57:15.610+0000] {processor.py:830} INFO - Processing file /opt/airflow/dags/green_taxi_dag.py for tasks to queue
[2024-03-15T02:57:15.613+0000] {logging_mixin.py:188} INFO - [2024-03-15T02:57:15.613+0000] {dagbag.py:540} INFO - Filling up the DagBag from /opt/airflow/dags/green_taxi_dag.py
[2024-03-15T02:57:15.869+0000] {processor.py:840} INFO - DAG(s) 'green_taxi_dag' retrieved from /opt/airflow/dags/green_taxi_dag.py
[2024-03-15T02:57:15.884+0000] {logging_mixin.py:188} INFO - [2024-03-15T02:57:15.883+0000] {dag.py:3047} INFO - Sync 1 DAGs
[2024-03-15T02:57:15.892+0000] {logging_mixin.py:188} INFO - [2024-03-15T02:57:15.892+0000] {dag.py:3834} INFO - Setting next_dagrun for green_taxi_dag to 2024-03-14 00:00:00+00:00, run_after=2024-03-15 00:00:00+00:00
[2024-03-15T02:57:15.901+0000] {processor.py:183} INFO - Processing /opt/airflow/dags/green_taxi_dag.py took 0.297 seconds
[2024-03-15T02:57:46.196+0000] {processor.py:161} INFO - Started process (PID=54) to work on /opt/airflow/dags/green_taxi_dag.py
[2024-03-15T02:57:46.197+0000] {processor.py:830} INFO - Processing file /opt/airflow/dags/green_taxi_dag.py for tasks to queue
[2024-03-15T02:57:46.200+0000] {logging_mixin.py:188} INFO - [2024-03-15T02:57:46.199+0000] {dagbag.py:540} INFO - Filling up the DagBag from /opt/airflow/dags/green_taxi_dag.py
[2024-03-15T02:57:46.447+0000] {processor.py:840} INFO - DAG(s) 'green_taxi_dag' retrieved from /opt/airflow/dags/green_taxi_dag.py
[2024-03-15T02:57:46.457+0000] {logging_mixin.py:188} INFO - [2024-03-15T02:57:46.457+0000] {dag.py:3047} INFO - Sync 1 DAGs
[2024-03-15T02:57:46.466+0000] {logging_mixin.py:188} INFO - [2024-03-15T02:57:46.466+0000] {dag.py:3834} INFO - Setting next_dagrun for green_taxi_dag to 2024-03-14 00:00:00+00:00, run_after=2024-03-15 00:00:00+00:00
[2024-03-15T02:57:46.474+0000] {processor.py:183} INFO - Processing /opt/airflow/dags/green_taxi_dag.py took 0.282 seconds
[2024-03-15T02:58:16.766+0000] {processor.py:161} INFO - Started process (PID=62) to work on /opt/airflow/dags/green_taxi_dag.py
[2024-03-15T02:58:16.768+0000] {processor.py:830} INFO - Processing file /opt/airflow/dags/green_taxi_dag.py for tasks to queue
[2024-03-15T02:58:16.771+0000] {logging_mixin.py:188} INFO - [2024-03-15T02:58:16.770+0000] {dagbag.py:540} INFO - Filling up the DagBag from /opt/airflow/dags/green_taxi_dag.py
[2024-03-15T02:58:16.993+0000] {processor.py:840} INFO - DAG(s) 'green_taxi_dag' retrieved from /opt/airflow/dags/green_taxi_dag.py
[2024-03-15T02:58:17.003+0000] {logging_mixin.py:188} INFO - [2024-03-15T02:58:17.003+0000] {dag.py:3047} INFO - Sync 1 DAGs
[2024-03-15T02:58:17.012+0000] {logging_mixin.py:188} INFO - [2024-03-15T02:58:17.012+0000] {dag.py:3834} INFO - Setting next_dagrun for green_taxi_dag to 2024-03-14 00:00:00+00:00, run_after=2024-03-15 00:00:00+00:00
[2024-03-15T02:58:17.019+0000] {processor.py:183} INFO - Processing /opt/airflow/dags/green_taxi_dag.py took 0.257 seconds
[2024-03-15T02:58:47.081+0000] {processor.py:161} INFO - Started process (PID=70) to work on /opt/airflow/dags/green_taxi_dag.py
[2024-03-15T02:58:47.084+0000] {processor.py:830} INFO - Processing file /opt/airflow/dags/green_taxi_dag.py for tasks to queue
[2024-03-15T02:58:47.087+0000] {logging_mixin.py:188} INFO - [2024-03-15T02:58:47.086+0000] {dagbag.py:540} INFO - Filling up the DagBag from /opt/airflow/dags/green_taxi_dag.py
[2024-03-15T02:58:47.355+0000] {processor.py:840} INFO - DAG(s) 'green_taxi_dag' retrieved from /opt/airflow/dags/green_taxi_dag.py
[2024-03-15T02:58:47.367+0000] {logging_mixin.py:188} INFO - [2024-03-15T02:58:47.367+0000] {dag.py:3047} INFO - Sync 1 DAGs
[2024-03-15T02:58:47.378+0000] {logging_mixin.py:188} INFO - [2024-03-15T02:58:47.378+0000] {dag.py:3834} INFO - Setting next_dagrun for green_taxi_dag to 2024-03-15 00:00:00+00:00, run_after=2024-03-16 00:00:00+00:00
[2024-03-15T02:58:47.385+0000] {processor.py:183} INFO - Processing /opt/airflow/dags/green_taxi_dag.py took 0.309 seconds
[2024-03-15T02:59:17.550+0000] {processor.py:161} INFO - Started process (PID=78) to work on /opt/airflow/dags/green_taxi_dag.py
[2024-03-15T02:59:17.550+0000] {processor.py:830} INFO - Processing file /opt/airflow/dags/green_taxi_dag.py for tasks to queue
[2024-03-15T02:59:17.551+0000] {logging_mixin.py:188} INFO - [2024-03-15T02:59:17.551+0000] {dagbag.py:540} INFO - Filling up the DagBag from /opt/airflow/dags/green_taxi_dag.py
[2024-03-15T02:59:17.763+0000] {processor.py:840} INFO - DAG(s) 'green_taxi_dag' retrieved from /opt/airflow/dags/green_taxi_dag.py
[2024-03-15T02:59:17.774+0000] {logging_mixin.py:188} INFO - [2024-03-15T02:59:17.774+0000] {dag.py:3047} INFO - Sync 1 DAGs
[2024-03-15T02:59:17.783+0000] {logging_mixin.py:188} INFO - [2024-03-15T02:59:17.783+0000] {dag.py:3834} INFO - Setting next_dagrun for green_taxi_dag to 2024-03-15 00:00:00+00:00, run_after=2024-03-16 00:00:00+00:00
[2024-03-15T02:59:17.790+0000] {processor.py:183} INFO - Processing /opt/airflow/dags/green_taxi_dag.py took 0.242 seconds
[2024-03-15T02:59:47.963+0000] {processor.py:161} INFO - Started process (PID=86) to work on /opt/airflow/dags/green_taxi_dag.py
[2024-03-15T02:59:47.964+0000] {processor.py:830} INFO - Processing file /opt/airflow/dags/green_taxi_dag.py for tasks to queue
[2024-03-15T02:59:47.967+0000] {logging_mixin.py:188} INFO - [2024-03-15T02:59:47.966+0000] {dagbag.py:540} INFO - Filling up the DagBag from /opt/airflow/dags/green_taxi_dag.py
[2024-03-15T02:59:48.218+0000] {processor.py:840} INFO - DAG(s) 'green_taxi_dag' retrieved from /opt/airflow/dags/green_taxi_dag.py
[2024-03-15T02:59:48.228+0000] {logging_mixin.py:188} INFO - [2024-03-15T02:59:48.228+0000] {dag.py:3047} INFO - Sync 1 DAGs
[2024-03-15T02:59:48.237+0000] {logging_mixin.py:188} INFO - [2024-03-15T02:59:48.237+0000] {dag.py:3834} INFO - Setting next_dagrun for green_taxi_dag to 2024-03-15 00:00:00+00:00, run_after=2024-03-16 00:00:00+00:00
[2024-03-15T02:59:48.245+0000] {processor.py:183} INFO - Processing /opt/airflow/dags/green_taxi_dag.py took 0.287 seconds
[2024-03-15T03:00:18.380+0000] {processor.py:161} INFO - Started process (PID=94) to work on /opt/airflow/dags/green_taxi_dag.py
[2024-03-15T03:00:18.382+0000] {processor.py:830} INFO - Processing file /opt/airflow/dags/green_taxi_dag.py for tasks to queue
[2024-03-15T03:00:18.384+0000] {logging_mixin.py:188} INFO - [2024-03-15T03:00:18.384+0000] {dagbag.py:540} INFO - Filling up the DagBag from /opt/airflow/dags/green_taxi_dag.py
[2024-03-15T03:00:18.598+0000] {processor.py:840} INFO - DAG(s) 'green_taxi_dag' retrieved from /opt/airflow/dags/green_taxi_dag.py
[2024-03-15T03:00:18.608+0000] {logging_mixin.py:188} INFO - [2024-03-15T03:00:18.608+0000] {dag.py:3047} INFO - Sync 1 DAGs
[2024-03-15T03:00:18.617+0000] {logging_mixin.py:188} INFO - [2024-03-15T03:00:18.617+0000] {dag.py:3834} INFO - Setting next_dagrun for green_taxi_dag to 2024-03-15 00:00:00+00:00, run_after=2024-03-16 00:00:00+00:00
[2024-03-15T03:00:18.625+0000] {processor.py:183} INFO - Processing /opt/airflow/dags/green_taxi_dag.py took 0.248 seconds
[2024-03-15T03:00:48.898+0000] {processor.py:161} INFO - Started process (PID=102) to work on /opt/airflow/dags/green_taxi_dag.py
[2024-03-15T03:00:48.899+0000] {processor.py:830} INFO - Processing file /opt/airflow/dags/green_taxi_dag.py for tasks to queue
[2024-03-15T03:00:48.902+0000] {logging_mixin.py:188} INFO - [2024-03-15T03:00:48.901+0000] {dagbag.py:540} INFO - Filling up the DagBag from /opt/airflow/dags/green_taxi_dag.py
[2024-03-15T03:00:49.135+0000] {processor.py:840} INFO - DAG(s) 'green_taxi_dag' retrieved from /opt/airflow/dags/green_taxi_dag.py
[2024-03-15T03:00:49.145+0000] {logging_mixin.py:188} INFO - [2024-03-15T03:00:49.145+0000] {dag.py:3047} INFO - Sync 1 DAGs
[2024-03-15T03:00:49.155+0000] {logging_mixin.py:188} INFO - [2024-03-15T03:00:49.155+0000] {dag.py:3834} INFO - Setting next_dagrun for green_taxi_dag to 2024-03-15 00:00:00+00:00, run_after=2024-03-16 00:00:00+00:00
[2024-03-15T03:00:49.162+0000] {processor.py:183} INFO - Processing /opt/airflow/dags/green_taxi_dag.py took 0.270 seconds
[2024-03-15T03:01:19.445+0000] {processor.py:161} INFO - Started process (PID=110) to work on /opt/airflow/dags/green_taxi_dag.py
[2024-03-15T03:01:19.446+0000] {processor.py:830} INFO - Processing file /opt/airflow/dags/green_taxi_dag.py for tasks to queue
[2024-03-15T03:01:19.447+0000] {logging_mixin.py:188} INFO - [2024-03-15T03:01:19.447+0000] {dagbag.py:540} INFO - Filling up the DagBag from /opt/airflow/dags/green_taxi_dag.py
[2024-03-15T03:01:19.718+0000] {processor.py:840} INFO - DAG(s) 'green_taxi_dag' retrieved from /opt/airflow/dags/green_taxi_dag.py
[2024-03-15T03:01:19.730+0000] {logging_mixin.py:188} INFO - [2024-03-15T03:01:19.730+0000] {dag.py:3047} INFO - Sync 1 DAGs
[2024-03-15T03:01:19.739+0000] {logging_mixin.py:188} INFO - [2024-03-15T03:01:19.739+0000] {dag.py:3834} INFO - Setting next_dagrun for green_taxi_dag to 2024-03-15 00:00:00+00:00, run_after=2024-03-16 00:00:00+00:00
[2024-03-15T03:01:19.746+0000] {processor.py:183} INFO - Processing /opt/airflow/dags/green_taxi_dag.py took 0.304 seconds
[2024-03-15T03:01:50.061+0000] {processor.py:161} INFO - Started process (PID=118) to work on /opt/airflow/dags/green_taxi_dag.py
[2024-03-15T03:01:50.062+0000] {processor.py:830} INFO - Processing file /opt/airflow/dags/green_taxi_dag.py for tasks to queue
[2024-03-15T03:01:50.063+0000] {logging_mixin.py:188} INFO - [2024-03-15T03:01:50.063+0000] {dagbag.py:540} INFO - Filling up the DagBag from /opt/airflow/dags/green_taxi_dag.py
[2024-03-15T03:01:50.319+0000] {processor.py:840} INFO - DAG(s) 'green_taxi_dag' retrieved from /opt/airflow/dags/green_taxi_dag.py
[2024-03-15T03:01:50.336+0000] {logging_mixin.py:188} INFO - [2024-03-15T03:01:50.335+0000] {dag.py:3047} INFO - Sync 1 DAGs
[2024-03-15T03:01:50.346+0000] {logging_mixin.py:188} INFO - [2024-03-15T03:01:50.345+0000] {dag.py:3834} INFO - Setting next_dagrun for green_taxi_dag to 2024-03-15 00:00:00+00:00, run_after=2024-03-16 00:00:00+00:00
[2024-03-15T03:01:50.355+0000] {processor.py:183} INFO - Processing /opt/airflow/dags/green_taxi_dag.py took 0.297 seconds
[2024-03-15T03:02:20.653+0000] {processor.py:161} INFO - Started process (PID=126) to work on /opt/airflow/dags/green_taxi_dag.py
[2024-03-15T03:02:20.653+0000] {processor.py:830} INFO - Processing file /opt/airflow/dags/green_taxi_dag.py for tasks to queue
[2024-03-15T03:02:20.655+0000] {logging_mixin.py:188} INFO - [2024-03-15T03:02:20.654+0000] {dagbag.py:540} INFO - Filling up the DagBag from /opt/airflow/dags/green_taxi_dag.py
[2024-03-15T03:02:20.938+0000] {processor.py:840} INFO - DAG(s) 'green_taxi_dag' retrieved from /opt/airflow/dags/green_taxi_dag.py
[2024-03-15T03:02:20.951+0000] {logging_mixin.py:188} INFO - [2024-03-15T03:02:20.950+0000] {dag.py:3047} INFO - Sync 1 DAGs
[2024-03-15T03:02:20.962+0000] {logging_mixin.py:188} INFO - [2024-03-15T03:02:20.962+0000] {dag.py:3834} INFO - Setting next_dagrun for green_taxi_dag to 2024-03-15 00:00:00+00:00, run_after=2024-03-16 00:00:00+00:00
[2024-03-15T03:02:20.972+0000] {processor.py:183} INFO - Processing /opt/airflow/dags/green_taxi_dag.py took 0.321 seconds
[2024-03-15T03:02:51.278+0000] {processor.py:161} INFO - Started process (PID=134) to work on /opt/airflow/dags/green_taxi_dag.py
[2024-03-15T03:02:51.279+0000] {processor.py:830} INFO - Processing file /opt/airflow/dags/green_taxi_dag.py for tasks to queue
[2024-03-15T03:02:51.280+0000] {logging_mixin.py:188} INFO - [2024-03-15T03:02:51.280+0000] {dagbag.py:540} INFO - Filling up the DagBag from /opt/airflow/dags/green_taxi_dag.py
[2024-03-15T03:02:51.545+0000] {processor.py:840} INFO - DAG(s) 'green_taxi_dag' retrieved from /opt/airflow/dags/green_taxi_dag.py
[2024-03-15T03:02:51.557+0000] {logging_mixin.py:188} INFO - [2024-03-15T03:02:51.557+0000] {dag.py:3047} INFO - Sync 1 DAGs
[2024-03-15T03:02:51.568+0000] {logging_mixin.py:188} INFO - [2024-03-15T03:02:51.568+0000] {dag.py:3834} INFO - Setting next_dagrun for green_taxi_dag to 2024-03-15 00:00:00+00:00, run_after=2024-03-16 00:00:00+00:00
[2024-03-15T03:02:51.575+0000] {processor.py:183} INFO - Processing /opt/airflow/dags/green_taxi_dag.py took 0.299 seconds
[2024-03-15T03:03:21.886+0000] {processor.py:161} INFO - Started process (PID=142) to work on /opt/airflow/dags/green_taxi_dag.py
[2024-03-15T03:03:21.888+0000] {processor.py:830} INFO - Processing file /opt/airflow/dags/green_taxi_dag.py for tasks to queue
[2024-03-15T03:03:21.890+0000] {logging_mixin.py:188} INFO - [2024-03-15T03:03:21.890+0000] {dagbag.py:540} INFO - Filling up the DagBag from /opt/airflow/dags/green_taxi_dag.py
[2024-03-15T03:03:22.163+0000] {processor.py:840} INFO - DAG(s) 'green_taxi_dag' retrieved from /opt/airflow/dags/green_taxi_dag.py
[2024-03-15T03:03:22.180+0000] {logging_mixin.py:188} INFO - [2024-03-15T03:03:22.179+0000] {dag.py:3047} INFO - Sync 1 DAGs
[2024-03-15T03:03:22.194+0000] {logging_mixin.py:188} INFO - [2024-03-15T03:03:22.194+0000] {dag.py:3834} INFO - Setting next_dagrun for green_taxi_dag to 2024-03-15 00:00:00+00:00, run_after=2024-03-16 00:00:00+00:00
[2024-03-15T03:03:22.204+0000] {processor.py:183} INFO - Processing /opt/airflow/dags/green_taxi_dag.py took 0.322 seconds
[2024-03-15T03:03:52.482+0000] {processor.py:161} INFO - Started process (PID=150) to work on /opt/airflow/dags/green_taxi_dag.py
[2024-03-15T03:03:52.482+0000] {processor.py:830} INFO - Processing file /opt/airflow/dags/green_taxi_dag.py for tasks to queue
[2024-03-15T03:03:52.484+0000] {logging_mixin.py:188} INFO - [2024-03-15T03:03:52.484+0000] {dagbag.py:540} INFO - Filling up the DagBag from /opt/airflow/dags/green_taxi_dag.py
[2024-03-15T03:03:52.869+0000] {processor.py:840} INFO - DAG(s) 'green_taxi_dag' retrieved from /opt/airflow/dags/green_taxi_dag.py
[2024-03-15T03:03:52.887+0000] {logging_mixin.py:188} INFO - [2024-03-15T03:03:52.886+0000] {dag.py:3047} INFO - Sync 1 DAGs
[2024-03-15T03:03:52.901+0000] {logging_mixin.py:188} INFO - [2024-03-15T03:03:52.901+0000] {dag.py:3834} INFO - Setting next_dagrun for green_taxi_dag to 2024-03-15 00:00:00+00:00, run_after=2024-03-16 00:00:00+00:00
[2024-03-15T03:03:52.914+0000] {processor.py:183} INFO - Processing /opt/airflow/dags/green_taxi_dag.py took 0.435 seconds
[2024-03-15T03:04:23.169+0000] {processor.py:161} INFO - Started process (PID=158) to work on /opt/airflow/dags/green_taxi_dag.py
[2024-03-15T03:04:23.170+0000] {processor.py:830} INFO - Processing file /opt/airflow/dags/green_taxi_dag.py for tasks to queue
[2024-03-15T03:04:23.173+0000] {logging_mixin.py:188} INFO - [2024-03-15T03:04:23.173+0000] {dagbag.py:540} INFO - Filling up the DagBag from /opt/airflow/dags/green_taxi_dag.py
[2024-03-15T03:04:23.411+0000] {processor.py:840} INFO - DAG(s) 'green_taxi_dag' retrieved from /opt/airflow/dags/green_taxi_dag.py
[2024-03-15T03:04:23.422+0000] {logging_mixin.py:188} INFO - [2024-03-15T03:04:23.422+0000] {dag.py:3047} INFO - Sync 1 DAGs
[2024-03-15T03:04:23.431+0000] {logging_mixin.py:188} INFO - [2024-03-15T03:04:23.431+0000] {dag.py:3834} INFO - Setting next_dagrun for green_taxi_dag to 2024-03-15 00:00:00+00:00, run_after=2024-03-16 00:00:00+00:00
[2024-03-15T03:04:23.440+0000] {processor.py:183} INFO - Processing /opt/airflow/dags/green_taxi_dag.py took 0.276 seconds
