[2024-03-15T02:59:40.004+0000] {taskinstance.py:1979} INFO - Dependencies all met for dep_context=non-requeueable deps ti=<TaskInstance: green_taxi_dag.drop_green_taxi_table scheduled__2024-03-14T00:00:00+00:00 [queued]>
[2024-03-15T02:59:40.008+0000] {taskinstance.py:1979} INFO - Dependencies all met for dep_context=requeueable deps ti=<TaskInstance: green_taxi_dag.drop_green_taxi_table scheduled__2024-03-14T00:00:00+00:00 [queued]>
[2024-03-15T02:59:40.008+0000] {taskinstance.py:2193} INFO - Starting attempt 2 of 2
[2024-03-15T02:59:40.013+0000] {taskinstance.py:2214} INFO - Executing <Task(PostgresOperator): drop_green_taxi_table> on 2024-03-14 00:00:00+00:00
[2024-03-15T02:59:40.016+0000] {standard_task_runner.py:60} INFO - Started process 106 to run task
[2024-03-15T02:59:40.017+0000] {standard_task_runner.py:87} INFO - Running: ['***', 'tasks', 'run', 'green_taxi_dag', 'drop_green_taxi_table', 'scheduled__2024-03-14T00:00:00+00:00', '--job-id', '6', '--raw', '--subdir', 'DAGS_FOLDER/green_taxi_dag.py', '--cfg-path', '/tmp/tmp38e69kh6']
[2024-03-15T02:59:40.019+0000] {standard_task_runner.py:88} INFO - Job 6: Subtask drop_green_taxi_table
[2024-03-15T02:59:40.052+0000] {task_command.py:423} INFO - Running <TaskInstance: green_taxi_dag.drop_green_taxi_table scheduled__2024-03-14T00:00:00+00:00 [running]> on host 13878a75a306
[2024-03-15T02:59:40.090+0000] {taskinstance.py:2510} INFO - Exporting env vars: AIRFLOW_CTX_DAG_EMAIL='***@example.com' AIRFLOW_CTX_DAG_OWNER='***' AIRFLOW_CTX_DAG_ID='green_taxi_dag' AIRFLOW_CTX_TASK_ID='drop_green_taxi_table' AIRFLOW_CTX_EXECUTION_DATE='2024-03-14T00:00:00+00:00' AIRFLOW_CTX_TRY_NUMBER='2' AIRFLOW_CTX_DAG_RUN_ID='scheduled__2024-03-14T00:00:00+00:00'
[2024-03-15T02:59:40.091+0000] {sql.py:276} INFO - Executing: DROP TABLE IF EXISTS public.green_taxi
[2024-03-15T02:59:40.100+0000] {taskinstance.py:2728} ERROR - Task failed with exception
Traceback (most recent call last):
  File "/home/airflow/.local/lib/python3.8/site-packages/airflow/models/taskinstance.py", line 444, in _execute_task
    result = _execute_callable(context=context, **execute_callable_kwargs)
  File "/home/airflow/.local/lib/python3.8/site-packages/airflow/models/taskinstance.py", line 414, in _execute_callable
    return execute_callable(context=context, **execute_callable_kwargs)
  File "/home/airflow/.local/lib/python3.8/site-packages/airflow/providers/common/sql/operators/sql.py", line 277, in execute
    hook = self.get_db_hook()
  File "/home/airflow/.local/lib/python3.8/site-packages/airflow/providers/common/sql/operators/sql.py", line 188, in get_db_hook
    return self._hook
  File "/usr/local/lib/python3.8/functools.py", line 967, in __get__
    val = self.func(instance)
  File "/home/airflow/.local/lib/python3.8/site-packages/airflow/providers/common/sql/operators/sql.py", line 150, in _hook
    conn = BaseHook.get_connection(conn_id)
  File "/home/airflow/.local/lib/python3.8/site-packages/airflow/hooks/base.py", line 82, in get_connection
    conn = Connection.get_connection_from_secrets(conn_id)
  File "/home/airflow/.local/lib/python3.8/site-packages/airflow/models/connection.py", line 514, in get_connection_from_secrets
    raise AirflowNotFoundException(f"The conn_id `{conn_id}` isn't defined")
airflow.exceptions.AirflowNotFoundException: The conn_id `postgres_default` isn't defined
[2024-03-15T02:59:40.102+0000] {taskinstance.py:1149} INFO - Marking task as FAILED. dag_id=green_taxi_dag, task_id=drop_green_taxi_table, execution_date=20240314T000000, start_date=20240315T025940, end_date=20240315T025940
[2024-03-15T02:59:40.107+0000] {standard_task_runner.py:107} ERROR - Failed to execute job 6 for task drop_green_taxi_table (The conn_id `postgres_default` isn't defined; 106)
[2024-03-15T02:59:40.120+0000] {local_task_job_runner.py:234} INFO - Task exited with return code 1
[2024-03-15T02:59:40.129+0000] {warnings.py:109} WARNING - /home/***/.local/lib/python3.8/site-packages/***/models/baseoperator.py:1201: AirflowProviderDeprecationWarning: Call to deprecated class PostgresOperator. (Please use `***.providers.common.sql.operators.sql.SQLExecuteQueryOperator`.Also, you can provide `hook_params={'schema': <database>}`.)
  result = cls.__new__(cls)

[2024-03-15T02:59:40.140+0000] {taskinstance.py:3309} INFO - 0 downstream tasks scheduled from follow-on schedule check
