[2024-03-15T03:03:49.069+0000] {taskinstance.py:1979} INFO - Dependencies all met for dep_context=non-requeueable deps ti=<TaskInstance: green_taxi_dag.create_green_taxi_table manual__2024-03-15T03:03:39.857174+00:00 [queued]>
[2024-03-15T03:03:49.073+0000] {taskinstance.py:1979} INFO - Dependencies all met for dep_context=requeueable deps ti=<TaskInstance: green_taxi_dag.create_green_taxi_table manual__2024-03-15T03:03:39.857174+00:00 [queued]>
[2024-03-15T03:03:49.073+0000] {taskinstance.py:2193} INFO - Starting attempt 1 of 2
[2024-03-15T03:03:49.077+0000] {taskinstance.py:2214} INFO - Executing <Task(PostgresOperator): create_green_taxi_table> on 2024-03-15 03:03:39.857174+00:00
[2024-03-15T03:03:49.080+0000] {standard_task_runner.py:60} INFO - Started process 181 to run task
[2024-03-15T03:03:49.082+0000] {standard_task_runner.py:87} INFO - Running: ['***', 'tasks', 'run', 'green_taxi_dag', 'create_green_taxi_table', 'manual__2024-03-15T03:03:39.857174+00:00', '--job-id', '10', '--raw', '--subdir', 'DAGS_FOLDER/green_taxi_dag.py', '--cfg-path', '/tmp/tmpsfx6tgb1']
[2024-03-15T03:03:49.083+0000] {standard_task_runner.py:88} INFO - Job 10: Subtask create_green_taxi_table
[2024-03-15T03:03:49.115+0000] {task_command.py:423} INFO - Running <TaskInstance: green_taxi_dag.create_green_taxi_table manual__2024-03-15T03:03:39.857174+00:00 [running]> on host 13878a75a306
[2024-03-15T03:03:49.150+0000] {taskinstance.py:2510} INFO - Exporting env vars: AIRFLOW_CTX_DAG_EMAIL='***@example.com' AIRFLOW_CTX_DAG_OWNER='***' AIRFLOW_CTX_DAG_ID='green_taxi_dag' AIRFLOW_CTX_TASK_ID='create_green_taxi_table' AIRFLOW_CTX_EXECUTION_DATE='2024-03-15T03:03:39.857174+00:00' AIRFLOW_CTX_TRY_NUMBER='1' AIRFLOW_CTX_DAG_RUN_ID='manual__2024-03-15T03:03:39.857174+00:00'
[2024-03-15T03:03:49.151+0000] {sql.py:276} INFO - Executing: 
set search_path to green_taxi_db;

create table public.green_taxi (
	vendor_id float,
	lpep_pickup_datetime            timestamp,
	lpep_dropoff_datetime           timestamp,
	store_and_fwd_flag              text,
	rate_code_id                    float,
	pu_location_id                  integer,
	do_location_id                  integer,
	passenger_count                 float,
	trip_distance                   float,
	fare_amount                     float,
	extra                           float,
	mta_tax                         float,
	tip_amount                      float,
	tolls_amount                    float,
	ehail_fee                       float,
	improvement_surcharge           float,
	total_amount                    float,
	payment_type                    float,
	trip_type                       float,
	congestion_surcharge            float,
	lpep_pickup_date         		date
);
[2024-03-15T03:03:49.156+0000] {base.py:83} INFO - Using connection ID 'postgres_default' for task execution.
[2024-03-15T03:03:49.160+0000] {base.py:83} INFO - Using connection ID 'postgres_default' for task execution.
[2024-03-15T03:03:49.162+0000] {sql.py:457} INFO - Running statement: 
set search_path to green_taxi_db;

create table public.green_taxi (
	vendor_id float,
	lpep_pickup_datetime            timestamp,
	lpep_dropoff_datetime           timestamp,
	store_and_fwd_flag              text,
	rate_code_id                    float,
	pu_location_id                  integer,
	do_location_id                  integer,
	passenger_count                 float,
	trip_distance                   float,
	fare_amount                     float,
	extra                           float,
	mta_tax                         float,
	tip_amount                      float,
	tolls_amount                    float,
	ehail_fee                       float,
	improvement_surcharge           float,
	total_amount                    float,
	payment_type                    float,
	trip_type                       float,
	congestion_surcharge            float,
	lpep_pickup_date         		date
);, parameters: None
[2024-03-15T03:03:49.176+0000] {warnings.py:109} WARNING - /home/***/.local/lib/python3.8/site-packages/***/providers/common/sql/hooks/sql.py:407: AirflowProviderDeprecationWarning: Call to deprecated method _make_common_data_structure. (The `_make_serializable` method is deprecated and support will be removed in a future version of the common.sql provider. Please update the DbApiHook's provider to a version based on common.sql >= 1.9.1.)
  result = self._make_common_data_structure(handler(cur))

[2024-03-15T03:03:49.181+0000] {taskinstance.py:1149} INFO - Marking task as SUCCESS. dag_id=green_taxi_dag, task_id=create_green_taxi_table, execution_date=20240315T030339, start_date=20240315T030349, end_date=20240315T030349
[2024-03-15T03:03:49.225+0000] {local_task_job_runner.py:234} INFO - Task exited with return code 0
[2024-03-15T03:03:49.233+0000] {warnings.py:109} WARNING - /home/***/.local/lib/python3.8/site-packages/***/models/baseoperator.py:1201: AirflowProviderDeprecationWarning: Call to deprecated class PostgresOperator. (Please use `***.providers.common.sql.operators.sql.SQLExecuteQueryOperator`.Also, you can provide `hook_params={'schema': <database>}`.)
  result = cls.__new__(cls)

[2024-03-15T03:03:49.241+0000] {taskinstance.py:3309} INFO - 1 downstream tasks scheduled from follow-on schedule check
