[2024-03-15T02:58:37.112+0000] {taskinstance.py:1979} INFO - Dependencies all met for dep_context=non-requeueable deps ti=<TaskInstance: green_taxi_dag.transform_green_taxi_data scheduled__2024-03-14T00:00:00+00:00 [queued]>
[2024-03-15T02:58:37.115+0000] {taskinstance.py:1979} INFO - Dependencies all met for dep_context=requeueable deps ti=<TaskInstance: green_taxi_dag.transform_green_taxi_data scheduled__2024-03-14T00:00:00+00:00 [queued]>
[2024-03-15T02:58:37.115+0000] {taskinstance.py:2193} INFO - Starting attempt 1 of 2
[2024-03-15T02:58:37.120+0000] {taskinstance.py:2214} INFO - Executing <Task(_PythonDecoratedOperator): transform_green_taxi_data> on 2024-03-14 00:00:00+00:00
[2024-03-15T02:58:37.122+0000] {standard_task_runner.py:60} INFO - Started process 84 to run task
[2024-03-15T02:58:37.123+0000] {standard_task_runner.py:87} INFO - Running: ['***', 'tasks', 'run', 'green_taxi_dag', 'transform_green_taxi_data', 'scheduled__2024-03-14T00:00:00+00:00', '--job-id', '4', '--raw', '--subdir', 'DAGS_FOLDER/green_taxi_dag.py', '--cfg-path', '/tmp/tmpcff_e3kd']
[2024-03-15T02:58:37.124+0000] {standard_task_runner.py:88} INFO - Job 4: Subtask transform_green_taxi_data
[2024-03-15T02:58:37.146+0000] {task_command.py:423} INFO - Running <TaskInstance: green_taxi_dag.transform_green_taxi_data scheduled__2024-03-14T00:00:00+00:00 [running]> on host 13878a75a306
[2024-03-15T02:58:37.177+0000] {taskinstance.py:2510} INFO - Exporting env vars: AIRFLOW_CTX_DAG_EMAIL='***@example.com' AIRFLOW_CTX_DAG_OWNER='***' AIRFLOW_CTX_DAG_ID='green_taxi_dag' AIRFLOW_CTX_TASK_ID='transform_green_taxi_data' AIRFLOW_CTX_EXECUTION_DATE='2024-03-14T00:00:00+00:00' AIRFLOW_CTX_TRY_NUMBER='1' AIRFLOW_CTX_DAG_RUN_ID='scheduled__2024-03-14T00:00:00+00:00'
[2024-03-15T02:58:37.277+0000] {warnings.py:109} WARNING - /opt/***/dags/green_taxi_dag.py:90: DtypeWarning: Columns (3) have mixed types. Specify dtype option on import or set low_memory=False.
  df = pd.read_csv(file_full_path)

[2024-03-15T02:58:37.374+0000] {warnings.py:109} WARNING - /opt/***/dags/green_taxi_dag.py:90: DtypeWarning: Columns (3) have mixed types. Specify dtype option on import or set low_memory=False.
  df = pd.read_csv(file_full_path)

[2024-03-15T02:58:37.451+0000] {warnings.py:109} WARNING - /opt/***/dags/green_taxi_dag.py:90: DtypeWarning: Columns (3) have mixed types. Specify dtype option on import or set low_memory=False.
  df = pd.read_csv(file_full_path)

[2024-03-15T02:58:38.490+0000] {python.py:202} INFO - Done. Returned value was: None
[2024-03-15T02:58:38.498+0000] {taskinstance.py:1149} INFO - Marking task as SUCCESS. dag_id=green_taxi_dag, task_id=transform_green_taxi_data, execution_date=20240314T000000, start_date=20240315T025837, end_date=20240315T025838
[2024-03-15T02:58:38.526+0000] {local_task_job_runner.py:234} INFO - Task exited with return code 0
[2024-03-15T02:58:38.532+0000] {warnings.py:109} WARNING - /home/***/.local/lib/python3.8/site-packages/***/models/baseoperator.py:1201: AirflowProviderDeprecationWarning: Call to deprecated class PostgresOperator. (Please use `***.providers.common.sql.operators.sql.SQLExecuteQueryOperator`.Also, you can provide `hook_params={'schema': <database>}`.)
  result = cls.__new__(cls)

[2024-03-15T02:58:38.540+0000] {taskinstance.py:3309} INFO - 1 downstream tasks scheduled from follow-on schedule check
